mode: set
api/auditLogger/disputeProceedingsLogger.go:19.100,21.2 1 1
api/auditLogger/disputeProceedingsLogger.go:23.131,37.16 4 1
api/auditLogger/disputeProceedingsLogger.go:37.16,40.3 2 1
api/auditLogger/disputeProceedingsLogger.go:43.2,44.12 2 1
api/auditLogger/mock.go:10.124,11.18 1 0
api/auditLogger/mock.go:11.18,13.3 1 0
api/auditLogger/mock.go:14.2,14.12 1 0
api/auditLogger/mock.go:22.78,23.18 1 1
api/auditLogger/mock.go:23.18,25.3 1 1
api/auditLogger/mock.go:26.2,26.12 1 1
api/auditLogger/model.go:34.76,36.2 1 0
